"File: ADXL345_SPI.c  Assembler  Version HGASM0202      Page 1


   1  0000              ; Generated by holtek-gcc v3.18, Thu Jul 12 23:47:29 2018
   2  0000              ; 
   3  0000              ; Configuration:
   4  0000              ;       with long instruction
   5  0000              ;       Multi-ROM, Multi-RAM
   6  0000              ;       bits_per_rom_unit:16
   7  0000              ;       with mp1
   8  0000              ;       with tbhp, address(0x9)
   9  0000              ;          Use tabrd-const
  10  0000              ;       
  11  0000              ; SFR address of long-instruction arch:
  12  0000              ;    mp0 = -1,1,0
  13  0000              ;    mp1 = 4,3,2
  14  0000              ;    mp2 = 14,13,12
  15  0000              ;    tbp = 9,7,8
  16  0000              ;    acc = 5
  17  0000              ;    pcl = 6
  18  0000              ;    status = 10
  19  0000              ;    bp = 11
  20  0000              ;    intc = 48
  21  0000              ;       
  22  0000              ;       
  23  0000              ; use 'tabrdc' instead of 'tabrd'
  24  0000              ;       
  25  0000              
  26  0000              #pragma translator "holtek-gcc 4.6.4" "3.18" "build 20130711"
  27  0000              ; Rebuild 521
  28  0000              
  29  0000              ir equ [2]
  30  0000              mp equ [3]
  31  0000              sbp equ [4]
  32  0000              acc equ [5]
  33  0000              bp equ [11]
  34  0000              tblp equ [7]
  35  0000              tbhp equ [9]
  36  0000              status equ [10]
  37  0000              c equ [10].0
  38  0000              ac equ [10].1
  39  0000              z equ [10].2
  40  0000              ov equ [10].3
  41  0000              cz equ [10].6
  42  0000              sc equ [10].7
  43  0000              intc equ [48]
  44  0000              
  45  0000              extern ra:byte
  46  0000              extern rb:byte
  47  0000              extern rc:byte
  48  0000              extern rd:byte
  49  0000              extern re:byte
  50  0000              extern rf:byte
  51  0000              extern rg:byte
  52  0000              extern rh:byte
  53  0000              extern _Crom2Prom:near
  54  0000              extern _Crom2PromNext:near
  55  0000              
  56  0000              RAMBANK 0 @BITDATASEC, @BITDATASEC1
  57  0000              @HCCINIT	.section 'data'
  58  0000              @HCCINIT0	.section 'data'
  59  0000              @BITDATASEC	 .section 'data'
"File: ADXL345_SPI.ASM  Assembler  Version HGASM0202      Page 2

  60  0000              @BITDATASEC1	 .section 'data'
  61  0000              
  62  0000              #pragma debug scope 1 1
  63  0000              	extern __DELAY3:near
  64  0000              	extern __DELAYX3:near
  65  0000              	extern __DELAYX6:near
  66  0000              	extern __DELAYY5:near
  67  0000              	extern __DELAYY3:near
  68  0000              	extern _builtin_holtek_delay_2:byte
  69  0000              ___wdtc equ [62]
  70  0000              ___cp0c equ [70]
  71  0000              ___cp1c equ [71]
  72  0000              ___scomc equ [127]
  73  0000              ___smod equ [58]
  74  0000              ___ifs4 equ [332]
  75  0000              ___simc0 equ [108]
  76  0000              ___simc2 equ [111]
  77  0000              ___pac equ [19]
  78  0000              ___pbc equ [23]
  79  0000              ___phc equ [47]
  80  0000              ___papu equ [17]
  81  0000              ___pbpu equ [21]
  82  0000              ___pa equ [18]
  83  0000              ___pb equ [22]
  84  0000              ___pgc equ [43]
  85  0000              public _PinSet
  86  0000              #pragma debug scope 2 1

  98  0000              #line 98 "C:\Users\IIIT\Desktop\ADXL345\try1\ADXL345_SPI\ADXL345_SPI.c"
  98  0000              _PinSet .section 'code'
  98  0000              _PinSet proc
  99  0000              #line 99 "C:\Users\IIIT\Desktop\ADXL345\try1\ADXL345_SPI\ADXL345_SPI.c"
  99  0000  0FA8        	mov a,168
  99  0001  00BE        	mov [62],a
 100  0002              #line 100 "C:\Users\IIIT\Desktop\ADXL345\try1\ADXL345_SPI\ADXL345_SPI.c"
 100  0002  1F46        	clr [70]
 101  0003              #line 101 "C:\Users\IIIT\Desktop\ADXL345\try1\ADXL345_SPI\ADXL345_SPI.c"
 101  0003  1F47        	clr [71]
 102  0004              #line 102 "C:\Users\IIIT\Desktop\ADXL345\try1\ADXL345_SPI\ADXL345_SPI.c"
 102  0004  367F        	clr [127].4
 103  0005              #line 103 "C:\Users\IIIT\Desktop\ADXL345\try1\ADXL345_SPI\ADXL345_SPI.c"
 103  0005  0FE0        	mov a,224
 103  0006  00BA        	mov [58],a
 104  0007              #line 104 "C:\Users\IIIT\Desktop\ADXL345\try1\ADXL345_SPI\ADXL345_SPI.c"
 104  0007  B64C 0001   	lclr [332].4
 105  0009              #line 105 "C:\Users\IIIT\Desktop\ADXL345\try1\ADXL345_SPI\ADXL345_SPI.c"
 105  0009  B6CC 0001   	lclr [332].5
 106  000B              #line 106 "C:\Users\IIIT\Desktop\ADXL345\try1\ADXL345_SPI\ADXL345_SPI.c"
 106  000B  30EC        	set [108].1
 107  000C              #line 107 "C:\Users\IIIT\Desktop\ADXL345\try1\ADXL345_SPI\ADXL345_SPI.c"
 107  000C  0F42        	mov a,66
 107  000D  00EC        	mov [108],a
 108  000E              #line 108 "C:\Users\IIIT\Desktop\ADXL345\try1\ADXL345_SPI\ADXL345_SPI.c"
 108  000E  0F24        	mov a,36
 108  000F  00EF        	mov [111],a
 115  0010              #line 115 "C:\Users\IIIT\Desktop\ADXL345\try1\ADXL345_SPI\ADXL345_SPI.c"
 115  0010  9F4C 0001   	lclr [332]
 117  0012              #line 117 "C:\Users\IIIT\Desktop\ADXL345\try1\ADXL345_SPI\ADXL345_SPI.c"
 117  0012  3693        	clr [19].5
 117  0013  3313        	set [19].6
"File: ADXL345_SPI.c  Assembler  Version HGASM0202      Page 3

 117  0014  3793        	clr [19].7
 117  0015  3697        	clr [23].5
 118  0016              #line 118 "C:\Users\IIIT\Desktop\ADXL345\try1\ADXL345_SPI\ADXL345_SPI.c"
 118  0016  342F        	clr [47].0
 118  0017  34AF        	clr [47].1
 118  0018  352F        	clr [47].2
 119  0019              #line 119 "C:\Users\IIIT\Desktop\ADXL345\try1\ADXL345_SPI\ADXL345_SPI.c"
 119  0019  3311        	set [17].6
 119  001A  3291        	set [17].5
 119  001B  3391        	set [17].7
 119  001C  3295        	set [21].5
 119  001D  3792        	clr [18].7
 119  001E  3296        	set [22].5
 119  001F  1F2B        	clr [43]
 119  0020  0003        	ret
 119  0021              _PinSet endp
 119  0021              #line 119 "C:\Users\IIIT\Desktop\ADXL345\try1\ADXL345_SPI\ADXL345_SPI.c"
 119  0021              #pragma debug scope 1 1
 119  0021              public _Delay100us
 119  0021              #pragma debug scope 3 1
 175  0021              #line 175 "C:\Users\IIIT\Desktop\ADXL345\try1\ADXL345_SPI\ADXL345_SPI.c"
 175  0000              _Delay100us .section 'code'
 175  0000              _Delay100us proc
 175  0000              public _Delay100us_2
 175  0000  0002[           local _Delay100us_2 db 2 dup(?)	; 2,0
            00
            ]
 175  0002              #pragma debug variable 9 3 _Delay100us_2+0 "del"
 176  0002              #line 176 "C:\Users\IIIT\Desktop\ADXL345\try1\ADXL345_SPI\ADXL345_SPI.c"
 176  0000  1F00     E  	clr rb
 176  0001  1F00     E  	clr rc
 176  0002              _L3:
 176  0002              #line 176 "C:\Users\IIIT\Desktop\ADXL345\try1\ADXL345_SPI\ADXL345_SPI.c"
 176  0002  0700     E  	mov a,rb
 176  0003  0200     R  	sub a,_Delay100us_2[0]
 176  0004  0700     E  	mov a,rc
 176  0005  1200     R  	sbc a,_Delay100us_2[1]
 176  0006  3B8A        	snz sc
 176  0007  2800     R  	jmp _L2
 176  0008  1F00     E  	clr ra
 176  0009              _L6:
 177  0009              #line 177 "C:\Users\IIIT\Desktop\ADXL345\try1\ADXL345_SPI\ADXL345_SPI.c"
 177  0009              ;# 177 "C:\Users\IIIT\Desktop\ADXL345\try1\ADXL345_SPI\ADXL345_SPI.c" 1
 177  0009  0000        	nop
 177  000A  1480     E  	inc ra
 177  000B  0700     E  	mov a,ra
 177  000C  0A1A        	sub a,26
 177  000D  390A        	snz z
 177  000E  2800     R  	jmp _L6
 176  000F              #line 176 "C:\Users\IIIT\Desktop\ADXL345\try1\ADXL345_SPI\ADXL345_SPI.c"
 176  000F  1480     E  	inc rb
 176  0010  3D0A        	sz z
 176  0011  1480     E  	inc rc
 176  0012  2800     R  	jmp _L3
 176  0013              _L2:
 176  0013  0003        	ret
 176  0014              _Delay100us endp
 176  0014              #line 176 "C:\Users\IIIT\Desktop\ADXL345\try1\ADXL345_SPI\ADXL345_SPI.c"
 176  0014              #pragma debug scope 1 1
 176  0014              public __SPI_CS
"File: ADXL345_SPI.c  Assembler  Version HGASM0202      Page 4

 176  0014              #pragma debug scope 4 1
 184  0014              #line 184 "C:\Users\IIIT\Desktop\ADXL345\try1\ADXL345_SPI\ADXL345_SPI.c"
 184  0000              __SPI_CS .section 'code'
 184  0000              __SPI_CS proc
 184  0000              public __SPI_CS_2
 184  0000  0002[           local __SPI_CS_2 db 2 dup(?)	; 2,0
            00
            ]
 184  0002              #pragma debug variable 10 4 __SPI_CS_2+0 "isSelect"
 185  0002              #line 185 "C:\Users\IIIT\Desktop\ADXL345\try1\ADXL345_SPI\ADXL345_SPI.c"
 185  0000  0700     R  	mov a,__SPI_CS_2[0]
 185  0001  0E01        	and a,1
 185  0002  0080     E  	mov ra,a
 185  0003  1100     E  	swapa ra
 185  0004  1885        	rl acc
 185  0005  0EE0        	and a,0e0h
 185  0006  0080     E  	mov ra,a
 185  0007  3696        	clr [22].5
 185  0008  0700     E  	mov a,ra
 185  0009  0596        	orm a,[22]
 186  000A              #line 186 "C:\Users\IIIT\Desktop\ADXL345\try1\ADXL345_SPI\ADXL345_SPI.c"
 186  000A              ;# 186 "C:\Users\IIIT\Desktop\ADXL345\try1\ADXL345_SPI\ADXL345_SPI.c" 1
 186  000A  0000        	nop
 186  000B  0003        	ret
 186  000C              __SPI_CS endp
 186  000C              #line 186 "C:\Users\IIIT\Desktop\ADXL345\try1\ADXL345_SPI\ADXL345_SPI.c"
 186  000C              #pragma debug scope 1 1
 186  000C              public __SPI_SCL
 186  000C              #pragma debug scope 5 1
 193  000C              #line 193 "C:\Users\IIIT\Desktop\ADXL345\try1\ADXL345_SPI\ADXL345_SPI.c"
 193  0000              __SPI_SCL .section 'code'
 193  0000              __SPI_SCL proc
 193  0000              public __SPI_SCL_2
 193  0000  0002[           local __SPI_SCL_2 db 2 dup(?)	; 2,0
            00
            ]
 193  0002              #pragma debug variable 10 5 __SPI_SCL_2+0 "bLevel"
 194  0002              #line 194 "C:\Users\IIIT\Desktop\ADXL345\try1\ADXL345_SPI\ADXL345_SPI.c"
 194  0000  0700     R  	mov a,__SPI_SCL_2[0]
 194  0001  0080     E  	mov ra,a
 194  0002  1B80     E  	rrc ra
 194  0003  1F00     E  	clr ra
 194  0004  1B80     E  	rrc ra
 194  0005  3792        	clr [18].7
 194  0006  0700     E  	mov a,ra
 194  0007  0592        	orm a,[18]
 195  0008              #line 195 "C:\Users\IIIT\Desktop\ADXL345\try1\ADXL345_SPI\ADXL345_SPI.c"
 195  0008              ;# 195 "C:\Users\IIIT\Desktop\ADXL345\try1\ADXL345_SPI\ADXL345_SPI.c" 1
 195  0008  0000        	nop
 195  0009  0003        	ret
 195  000A              __SPI_SCL endp
 195  000A              #line 195 "C:\Users\IIIT\Desktop\ADXL345\try1\ADXL345_SPI\ADXL345_SPI.c"
 195  000A              #pragma debug scope 1 1
 195  000A              public _ADXL345_SPI_Read
 195  000A              #pragma debug scope 6 1
 127  000A              #line 127 "C:\Users\IIIT\Desktop\ADXL345\try1\ADXL345_SPI\ADXL345_SPI.c"
 127  0000              _ADXL345_SPI_Read .section 'code'
 127  0000              _ADXL345_SPI_Read proc
 127  0000  0004[           local _ADXL345_SPI_Read_2 db 4 dup(?)	; 0,4
            00
"File: ADXL345_SPI.c  Assembler  Version HGASM0202      Page 5

            ]
 127  0000  0080     R  	mov _ADXL345_SPI_Read_2[0],a
 127  0001              #pragma debug variable 8 6 _ADXL345_SPI_Read_2+0 "Address"
 127  0001              #pragma debug variable 8 6 _ADXL345_SPI_Read_2+2 "ReadData"
 132  0001              #line 132 "C:\Users\IIIT\Desktop\ADXL345\try1\ADXL345_SPI\ADXL345_SPI.c"
 132  0001  1F00     R  	clr __SPI_CS_2[0]
 132  0002  1F00     R  	clr __SPI_CS_2[1]
 132  0003              	fcall __SPI_CS
 132  000A  0F08        	mov a,8
 132  000B  0080     R  	mov _ADXL345_SPI_Read_2[1],a
 134  000C              #line 134 "C:\Users\IIIT\Desktop\ADXL345\try1\ADXL345_SPI\ADXL345_SPI.c"
 134  000C  0F07        	mov a,7
 134  000D  0080     R  	mov _ADXL345_SPI_Read_2[2],a
 134  000E              _L12:
 137  000E              #line 137 "C:\Users\IIIT\Desktop\ADXL345\try1\ADXL345_SPI\ADXL345_SPI.c"
 137  000E  0F01        	mov a,1
 137  000F  0080     R  	mov __SPI_SCL_2[0],a
 137  0010  1F00     R  	clr __SPI_SCL_2[1]
 137  0011              	fcall __SPI_SCL
 138  0018              #line 138 "C:\Users\IIIT\Desktop\ADXL345\try1\ADXL345_SPI\ADXL345_SPI.c"
 138  0018  0700     R  	mov a,_ADXL345_SPI_Read_2[0]
 138  0019  0080     E  	mov rb,a
 138  001A  3000     E  	set rb.7
 138  001B  1F00     E  	clr rc
 138  001C  1400     R  	inca _ADXL345_SPI_Read_2[2]
 138  001D  2800     R  	jmp _LI1
 138  001E              _LI2:
 138  001E  340A        	clr c
 138  001F  3C00     E  	sz rc.7
 138  0020  300A        	set c
 138  0021  1B80     E  	rrc rc
 138  0022  1B80     E  	rrc rb
 138  0023              _LI1:
 138  0023  1785        	sdz acc
 138  0024  2800     R  	jmp _LI2
 138  0025  0F01        	mov a,1
 138  0026  0680     E  	andm a,rb
 138  0027  1100     E  	swapa rb
 138  0028  1885        	rl acc
 138  0029  0EE0        	and a,0e0h
 138  002A  0080     E  	mov rb,a
 138  002B  3692        	clr [18].5
 138  002C  0700     E  	mov a,rb
 138  002D  0592        	orm a,[18]
 139  002E              #line 139 "C:\Users\IIIT\Desktop\ADXL345\try1\ADXL345_SPI\ADXL345_SPI.c"
 139  002E  1F00     R  	clr __SPI_SCL_2[0]
 139  002F  1F00     R  	clr __SPI_SCL_2[1]
 139  0030              	fcall __SPI_SCL
 134  0037              #line 134 "C:\Users\IIIT\Desktop\ADXL345\try1\ADXL345_SPI\ADXL345_SPI.c"
 134  0037  1580     R  	dec _ADXL345_SPI_Read_2[2]
 134  0038  1780     R  	sdz _ADXL345_SPI_Read_2[1]
 134  0039  2800     R  	jmp _L12
 143  003A              #line 143 "C:\Users\IIIT\Desktop\ADXL345\try1\ADXL345_SPI\ADXL345_SPI.c"
 143  003A  0F01        	mov a,1
 143  003B  0080     R  	mov __SPI_SCL_2[0],a
 143  003C  1F00     R  	clr __SPI_SCL_2[1]
 143  003D              	fcall __SPI_SCL
 143  0044  0F08        	mov a,8
 143  0045  0080     R  	mov _ADXL345_SPI_Read_2[1],a
 146  0046              #line 146 "C:\Users\IIIT\Desktop\ADXL345\try1\ADXL345_SPI\ADXL345_SPI.c"
"File: ADXL345_SPI.c  Assembler  Version HGASM0202      Page 6

 146  0046  0F07        	mov a,7
 146  0047  0080     R  	mov _ADXL345_SPI_Read_2[3],a
 128  0048              #line 128 "C:\Users\IIIT\Desktop\ADXL345\try1\ADXL345_SPI\ADXL345_SPI.c"
 128  0048  1F00     R  	clr _ADXL345_SPI_Read_2[2]
 128  0049              _L14:
 149  0049              #line 149 "C:\Users\IIIT\Desktop\ADXL345\try1\ADXL345_SPI\ADXL345_SPI.c"
 149  0049  1F00     R  	clr __SPI_SCL_2[0]
 149  004A  1F00     R  	clr __SPI_SCL_2[1]
 149  004B              	fcall __SPI_SCL
 150  0052              #line 150 "C:\Users\IIIT\Desktop\ADXL345\try1\ADXL345_SPI\ADXL345_SPI.c"
 150  0052  0F01        	mov a,1
 150  0053  0080     R  	mov __SPI_SCL_2[0],a
 150  0054  1F00     R  	clr __SPI_SCL_2[1]
 150  0055              	fcall __SPI_SCL
 151  005C              #line 151 "C:\Users\IIIT\Desktop\ADXL345\try1\ADXL345_SPI\ADXL345_SPI.c"
 151  005C  1F00     E  	clr rb
 151  005D  3F12        	sz [18].6
 151  005E  1480     E  	inc rb
 153  005F              #line 153 "C:\Users\IIIT\Desktop\ADXL345\try1\ADXL345_SPI\ADXL345_SPI.c"
 153  005F  1F00     E  	clr rc
 153  0060  1400     R  	inca _ADXL345_SPI_Read_2[3]
 153  0061  2800     R  	jmp _LI3
 153  0062              _LI4:
 153  0062  340A        	clr c
 153  0063  1A80     E  	rlc rb
 153  0064  1A80     E  	rlc rc
 153  0065              _LI3:
 153  0065  1785        	sdz acc
 153  0066  2800     R  	jmp _LI4
 153  0067  0700     E  	mov a,rb
 153  0068  0580     R  	orm a,_ADXL345_SPI_Read_2[2]
 146  0069              #line 146 "C:\Users\IIIT\Desktop\ADXL345\try1\ADXL345_SPI\ADXL345_SPI.c"
 146  0069  1580     R  	dec _ADXL345_SPI_Read_2[3]
 146  006A  1780     R  	sdz _ADXL345_SPI_Read_2[1]
 146  006B  2800     R  	jmp _L14
 156  006C              #line 156 "C:\Users\IIIT\Desktop\ADXL345\try1\ADXL345_SPI\ADXL345_SPI.c"
 156  006C  0F01        	mov a,1
 156  006D  0080     R  	mov __SPI_CS_2[0],a
 156  006E  1F00     R  	clr __SPI_CS_2[1]
 156  006F              	fcall __SPI_CS
 158  0076              #line 158 "C:\Users\IIIT\Desktop\ADXL345\try1\ADXL345_SPI\ADXL345_SPI.c"
 158  0076  0700     R  	mov a,_ADXL345_SPI_Read_2[2]
 158  0077  0003        	ret
 158  0078              _ADXL345_SPI_Read endp
 158  0078              #line 158 "C:\Users\IIIT\Desktop\ADXL345\try1\ADXL345_SPI\ADXL345_SPI.c"
 158  0078              #pragma debug scope 1 1
 158  0078              public _ADXL345_SPI_Write
 158  0078              #pragma debug scope 7 1
 202  0078              #line 202 "C:\Users\IIIT\Desktop\ADXL345\try1\ADXL345_SPI\ADXL345_SPI.c"
 202  0000              _ADXL345_SPI_Write .section 'code'
 202  0000              _ADXL345_SPI_Write proc
 202  0000              public _ADXL345_SPI_Write_2
 202  0000  0004[           local _ADXL345_SPI_Write_2 db 4 dup(?)	; 1,3
            00
            ]
 202  0000  0080     R  	mov _ADXL345_SPI_Write_2[1],a
 202  0001              #pragma debug variable 8 7 _ADXL345_SPI_Write_2+1 "Address"
 202  0001              #pragma debug variable 8 7 _ADXL345_SPI_Write_2+0 "WriteData"
 205  0001              #line 205 "C:\Users\IIIT\Desktop\ADXL345\try1\ADXL345_SPI\ADXL345_SPI.c"
 205  0001  1F00     R  	clr __SPI_CS_2[0]
"File: ADXL345_SPI.c  Assembler  Version HGASM0202      Page 7

 205  0002  1F00     R  	clr __SPI_CS_2[1]
 205  0003              	fcall __SPI_CS
 205  000A  0F08        	mov a,8
 205  000B  0080     R  	mov _ADXL345_SPI_Write_2[2],a
 207  000C              #line 207 "C:\Users\IIIT\Desktop\ADXL345\try1\ADXL345_SPI\ADXL345_SPI.c"
 207  000C  0F07        	mov a,7
 207  000D  0080     R  	mov _ADXL345_SPI_Write_2[3],a
 207  000E              _L17:
 210  000E              #line 210 "C:\Users\IIIT\Desktop\ADXL345\try1\ADXL345_SPI\ADXL345_SPI.c"
 210  000E  0F01        	mov a,1
 210  000F  0080     R  	mov __SPI_SCL_2[0],a
 210  0010  1F00     R  	clr __SPI_SCL_2[1]
 210  0011              	fcall __SPI_SCL
 211  0018              #line 211 "C:\Users\IIIT\Desktop\ADXL345\try1\ADXL345_SPI\ADXL345_SPI.c"
 211  0018  0700     R  	mov a,_ADXL345_SPI_Write_2[1]
 211  0019  0080     E  	mov rb,a
 211  001A  3400     E  	clr rb.7
 211  001B  1F00     E  	clr rc
 211  001C  1400     R  	inca _ADXL345_SPI_Write_2[3]
 211  001D  2800     R  	jmp _LI5
 211  001E              _LI6:
 211  001E  340A        	clr c
 211  001F  3C00     E  	sz rc.7
 211  0020  300A        	set c
 211  0021  1B80     E  	rrc rc
 211  0022  1B80     E  	rrc rb
 211  0023              _LI5:
 211  0023  1785        	sdz acc
 211  0024  2800     R  	jmp _LI6
 211  0025  0F01        	mov a,1
 211  0026  0680     E  	andm a,rb
 211  0027  1100     E  	swapa rb
 211  0028  1885        	rl acc
 211  0029  0EE0        	and a,0e0h
 211  002A  0080     E  	mov rb,a
 211  002B  3692        	clr [18].5
 211  002C  0700     E  	mov a,rb
 211  002D  0592        	orm a,[18]
 212  002E              #line 212 "C:\Users\IIIT\Desktop\ADXL345\try1\ADXL345_SPI\ADXL345_SPI.c"
 212  002E  1F00     R  	clr __SPI_SCL_2[0]
 212  002F  1F00     R  	clr __SPI_SCL_2[1]
 212  0030              	fcall __SPI_SCL
 207  0037              #line 207 "C:\Users\IIIT\Desktop\ADXL345\try1\ADXL345_SPI\ADXL345_SPI.c"
 207  0037  1580     R  	dec _ADXL345_SPI_Write_2[3]
 207  0038  1780     R  	sdz _ADXL345_SPI_Write_2[2]
 207  0039  2800     R  	jmp _L17
 207  003A  0F08        	mov a,8
 207  003B  0080     R  	mov _ADXL345_SPI_Write_2[2],a
 207  003C  0F07        	mov a,7
 207  003D  0080     R  	mov _ADXL345_SPI_Write_2[3],a
 207  003E              _L19:
 218  003E              #line 218 "C:\Users\IIIT\Desktop\ADXL345\try1\ADXL345_SPI\ADXL345_SPI.c"
 218  003E  0F01        	mov a,1
 218  003F  0080     R  	mov __SPI_SCL_2[0],a
 218  0040  1F00     R  	clr __SPI_SCL_2[1]
 218  0041              	fcall __SPI_SCL
 219  0048              #line 219 "C:\Users\IIIT\Desktop\ADXL345\try1\ADXL345_SPI\ADXL345_SPI.c"
 219  0048  0700     R  	mov a,_ADXL345_SPI_Write_2[0]
 219  0049  0080     E  	mov rb,a
 219  004A  1F00     E  	clr rc
"File: ADXL345_SPI.c  Assembler  Version HGASM0202      Page 8

 219  004B  1400     R  	inca _ADXL345_SPI_Write_2[3]
 219  004C  2800     R  	jmp _LI7
 219  004D              _LI8:
 219  004D  340A        	clr c
 219  004E  3C00     E  	sz rc.7
 219  004F  300A        	set c
 219  0050  1B80     E  	rrc rc
 219  0051  1B80     E  	rrc rb
 219  0052              _LI7:
 219  0052  1785        	sdz acc
 219  0053  2800     R  	jmp _LI8
 219  0054  0F01        	mov a,1
 219  0055  0680     E  	andm a,rb
 219  0056  1100     E  	swapa rb
 219  0057  1885        	rl acc
 219  0058  0EE0        	and a,0e0h
 219  0059  0080     E  	mov rb,a
 219  005A  3692        	clr [18].5
 219  005B  0700     E  	mov a,rb
 219  005C  0592        	orm a,[18]
 220  005D              #line 220 "C:\Users\IIIT\Desktop\ADXL345\try1\ADXL345_SPI\ADXL345_SPI.c"
 220  005D  1F00     R  	clr __SPI_SCL_2[0]
 220  005E  1F00     R  	clr __SPI_SCL_2[1]
 220  005F              	fcall __SPI_SCL
 215  0066              #line 215 "C:\Users\IIIT\Desktop\ADXL345\try1\ADXL345_SPI\ADXL345_SPI.c"
 215  0066  1580     R  	dec _ADXL345_SPI_Write_2[3]
 215  0067  1780     R  	sdz _ADXL345_SPI_Write_2[2]
 215  0068  2800     R  	jmp _L19
 223  0069              #line 223 "C:\Users\IIIT\Desktop\ADXL345\try1\ADXL345_SPI\ADXL345_SPI.c"
 223  0069  0F01        	mov a,1
 223  006A  0080     R  	mov __SPI_CS_2[0],a
 223  006B  1F00     R  	clr __SPI_CS_2[1]
 223  006C              	fcall __SPI_CS
 223  0073  0003        	ret
 223  0074              _ADXL345_SPI_Write endp
 223  0074              #line 223 "C:\Users\IIIT\Desktop\ADXL345\try1\ADXL345_SPI\ADXL345_SPI.c"
 223  0074              #pragma debug scope 1 1
 223  0074              public _delay_ms
 223  0074              #pragma debug scope 8 1
 263  0074              #line 263 "C:\Users\IIIT\Desktop\ADXL345\try1\ADXL345_SPI\ADXL345_SPI.c"
 263  0000              _delay_ms .section 'code'
 263  0000              _delay_ms proc
 263  0000  00              local _delay_ms_2 db 1 dup(?)	; 0,1
 263  0000  0080     R  	mov _delay_ms_2[0],a
 263  0001              #pragma debug variable 8 8 _delay_ms_2+0 "del"
 265  0001              #line 265 "C:\Users\IIIT\Desktop\ADXL345\try1\ADXL345_SPI\ADXL345_SPI.c"
 265  0001  1F00     E  	clr ra
 265  0002  2800     R  	jmp _L21
 265  0003              _L22:
 265  0003              #line 265 "C:\Users\IIIT\Desktop\ADXL345\try1\ADXL345_SPI\ADXL345_SPI.c"
 265  0003              ;# 265 "C:\Users\IIIT\Desktop\ADXL345\try1\ADXL345_SPI\ADXL345_SPI.c" 1
 265  0003              	IF 2000>263690
 265  0003              ;# 265 "C:\Users\IIIT\Desktop\ADXL345\try1\ADXL345_SPI\ADXL345_SPI.c" 1
 265  0003              	ERRMESSAGE 'the value 2000of the argument exceeds the maxinum 263690'
 265  0003              	ENDIF
 265  0003              ;# 265 "C:\Users\IIIT\Desktop\ADXL345\try1\ADXL345_SPI\ADXL345_SPI.c" 1
 265  0003              	IF 2000<0
 265  0003              ;# 265 "C:\Users\IIIT\Desktop\ADXL345\try1\ADXL345_SPI\ADXL345_SPI.c" 1
 265  0003              	ERRMESSAGE 'the value 2000 of the argument exceeds the mininum 0'
 265  0003              	ENDIF
"File: ADXL345_SPI.c  Assembler  Version HGASM0202      Page 9

 265  0003              ;# 265 "C:\Users\IIIT\Desktop\ADXL345\try1\ADXL345_SPI\ADXL345_SPI.c" 1
 265  0003              	IF 2000==0
 265  0003              ;# 265 "C:\Users\IIIT\Desktop\ADXL345\try1\ADXL345_SPI\ADXL345_SPI.c" 1
 265  0003              	JMP $
 265  0003              	ENDIF
 265  0003              ;# 265 "C:\Users\IIIT\Desktop\ADXL345\try1\ADXL345_SPI\ADXL345_SPI.c" 1
 265  0003              	IF (2000>=1) AND (2000<( 4 + __PBP__ * 2))
 265  0003              ;# 265 "C:\Users\IIIT\Desktop\ADXL345\try1\ADXL345_SPI\ADXL345_SPI.c" 1
 265  0003              	NOP
 265  0003              	ENDIF
 265  0003              ;# 265 "C:\Users\IIIT\Desktop\ADXL345\try1\ADXL345_SPI\ADXL345_SPI.c" 1
 265  0003              	IF (2000>=2) AND (2000<( 4 + __PBP__ * 2))
 265  0003              ;# 265 "C:\Users\IIIT\Desktop\ADXL345\try1\ADXL345_SPI\ADXL345_SPI.c" 1
 265  0003              	NOP
 265  0003              	ENDIF
 265  0003              ;# 265 "C:\Users\IIIT\Desktop\ADXL345\try1\ADXL345_SPI\ADXL345_SPI.c" 1
 265  0003              	IF (2000>=3) AND (2000<( 4 + __PBP__ * 2))
 265  0003              ;# 265 "C:\Users\IIIT\Desktop\ADXL345\try1\ADXL345_SPI\ADXL345_SPI.c" 1
 265  0003              	NOP
 265  0003              	ENDIF
 265  0003              ;# 265 "C:\Users\IIIT\Desktop\ADXL345\try1\ADXL345_SPI\ADXL345_SPI.c" 1
 265  0003              	IF (2000>=4) AND (2000<( 4 + __PBP__ * 2)) AND ( __PBP__ > 0 )
 265  0003              ;# 265 "C:\Users\IIIT\Desktop\ADXL345\try1\ADXL345_SPI\ADXL345_SPI.c" 1
 265  0003              	NOP
 265  0003              	ENDIF
 265  0003              ;# 265 "C:\Users\IIIT\Desktop\ADXL345\try1\ADXL345_SPI\ADXL345_SPI.c" 1
 265  0003              	IF (2000>=5) AND (2000<( 4 + __PBP__ * 2)) AND ( __PBP__ > 0 )
 265  0003              ;# 265 "C:\Users\IIIT\Desktop\ADXL345\try1\ADXL345_SPI\ADXL345_SPI.c" 1
 265  0003              	NOP
 265  0003              	ENDIF
 265  0003              ;# 265 "C:\Users\IIIT\Desktop\ADXL345\try1\ADXL345_SPI\ADXL345_SPI.c" 1
 265  0003              	IF (2000>=6) AND (2000<( 4 + __PBP__ * 2))  AND ( __PBP__ > 1 )
 265  0003              ;# 265 "C:\Users\IIIT\Desktop\ADXL345\try1\ADXL345_SPI\ADXL345_SPI.c" 1
 265  0003              	NOP
 265  0003              	ENDIF
 265  0003              ;# 265 "C:\Users\IIIT\Desktop\ADXL345\try1\ADXL345_SPI\ADXL345_SPI.c" 1
 265  0003              	IF (2000>=7) AND (2000<( 4 + __PBP__ * 2))  AND ( __PBP__ > 1 )
 265  0003              ;# 265 "C:\Users\IIIT\Desktop\ADXL345\try1\ADXL345_SPI\ADXL345_SPI.c" 1
 265  0003              	NOP
 265  0003              	ENDIF
 265  0003              ;# 265 "C:\Users\IIIT\Desktop\ADXL345\try1\ADXL345_SPI\ADXL345_SPI.c" 1
 265  0003              	IF (2000>=8) AND (2000<( 4 + __PBP__ * 2))  AND ( __PBP__ > 2 )
 265  0003              ;# 265 "C:\Users\IIIT\Desktop\ADXL345\try1\ADXL345_SPI\ADXL345_SPI.c" 1
 265  0003              	NOP
 265  0003              	ENDIF
 265  0003              ;# 265 "C:\Users\IIIT\Desktop\ADXL345\try1\ADXL345_SPI\ADXL345_SPI.c" 1
 265  0003              	IF (2000==9)  AND ( __PBP__ > 2 )
 265  0003              ;# 265 "C:\Users\IIIT\Desktop\ADXL345\try1\ADXL345_SPI\ADXL345_SPI.c" 1
 265  0003              	NOP
 265  0003              	ENDIF
 265  0003              ;# 265 "C:\Users\IIIT\Desktop\ADXL345\try1\ADXL345_SPI\ADXL345_SPI.c" 1
 265  0003              	IF (2000< ( 8 + __PBP__ * 2)) AND (2000>( 3 + __PBP__ * 2))
 265  0003              ;# 265 "C:\Users\IIIT\Desktop\ADXL345\try1\ADXL345_SPI\ADXL345_SPI.c" 1
 265  0003              	fcall __DELAY3 + ( 7 + __PBP__ * 2) -2000
 265  0003              	ENDIF
 265  0003              ;# 265 "C:\Users\IIIT\Desktop\ADXL345\try1\ADXL345_SPI\ADXL345_SPI.c" 1
 265  0003              	IF (2000< ( 0404h + __PBP__ * 2)) AND (2000>( 7 + __PBP__ * 2))
 265  0003              ;# 265 "C:\Users\IIIT\Desktop\ADXL345\try1\ADXL345_SPI\ADXL345_SPI.c" 1
 265  0003              	MOV A,(2000-( 4 + __PBP__ * 2))/4
 265  0003              ;# 265 "C:\Users\IIIT\Desktop\ADXL345\try1\ADXL345_SPI\ADXL345_SPI.c" 1
"File: ADXL345_SPI.c  Assembler  Version HGASM0202      Page 10

 265  0003              	fcall __DELAYX3 + 3 -((2000-( 4 + __PBP__ * 2)) MOD 4) 
 265  0003              	ENDIF
 265  0003              ;# 265 "C:\Users\IIIT\Desktop\ADXL345\try1\ADXL345_SPI\ADXL345_SPI.c" 1
 265  0003              	IF (2000< ( 040bh + __PBP__ * 2)) AND (2000> ( 0403h + __PBP__ * 2))
 265  0003              ;# 265 "C:\Users\IIIT\Desktop\ADXL345\try1\ADXL345_SPI\ADXL345_SPI.c" 1
 265  0003              	MOV A,0 
 265  0003              ;# 265 "C:\Users\IIIT\Desktop\ADXL345\try1\ADXL345_SPI\ADXL345_SPI.c" 1
 265  0003              	fcall __DELAYX6 + ( 040ah + __PBP__ * 2) -2000
 265  0003              	ENDIF
 265  0003              ;# 265 "C:\Users\IIIT\Desktop\ADXL345\try1\ADXL345_SPI\ADXL345_SPI.c" 1
 265  0003              	IF (2000 >= ( 040bh + __PBP__ * 2)) AND ((((2000-( 9 + __PBP__ * 2))%0402h)/4+1)>256)
 265  0003              ;# 265 "C:\Users\IIIT\Desktop\ADXL345\try1\ADXL345_SPI\ADXL345_SPI.c" 1
 265  0003              	MOV A,(2000-( 9 + __PBP__ * 2))/0402h
 265  0003              ;# 265 "C:\Users\IIIT\Desktop\ADXL345\try1\ADXL345_SPI\ADXL345_SPI.c" 1
 265  0003              	MOV _builtin_holtek_delay_2,A
 265  0003              ;# 265 "C:\Users\IIIT\Desktop\ADXL345\try1\ADXL345_SPI\ADXL345_SPI.c" 1
 265  0003              	MOV A,0
 265  0003              ;# 265 "C:\Users\IIIT\Desktop\ADXL345\try1\ADXL345_SPI\ADXL345_SPI.c" 1
 265  0003              	fcall __DELAYY5 +5- (((2000-( 9 + __PBP__ * 2))%0402h)%6) 
 265  0003              	ENDIF
 265  0003              ;# 265 "C:\Users\IIIT\Desktop\ADXL345\try1\ADXL345_SPI\ADXL345_SPI.c" 1
 265  0003              	IF (2000 >= ( 040bh + __PBP__ * 2)) AND ((((2000-( 9 + __PBP__ * 2))%0402h)/4+1)<=256)
 265  0003              ;# 265 "C:\Users\IIIT\Desktop\ADXL345\try1\ADXL345_SPI\ADXL345_SPI.c" 1
 265  0003  0F01        	MOV A,(2000-( 9 + __PBP__ * 2))/0402h
 265  0004              ;# 265 "C:\Users\IIIT\Desktop\ADXL345\try1\ADXL345_SPI\ADXL345_SPI.c" 1
 265  0004  0080     E  	MOV _builtin_holtek_delay_2,A
 265  0005              ;# 265 "C:\Users\IIIT\Desktop\ADXL345\try1\ADXL345_SPI\ADXL345_SPI.c" 1
 265  0005  0FF1        	MOV A,((2000-( 9 + __PBP__ * 2))%0402h)/4+1
 265  0006              ;# 265 "C:\Users\IIIT\Desktop\ADXL345\try1\ADXL345_SPI\ADXL345_SPI.c" 1
 265  0006              	fcall __DELAYY3 +3-(((2000-( 9 + __PBP__ * 2))%0402h)%4) 
 265  000D              	ENDIF
 265  000D  1480     E  	inc ra
 265  000E              _L21:
 265  000E  0700     E  	mov a,ra
 265  000F  0200     R  	sub a,_delay_ms_2[0]
 265  0010  390A        	snz z
 265  0011  2800     R  	jmp _L22
 265  0012  0003        	ret
 265  0013              _delay_ms endp
 265  0013              #line 265 "C:\Users\IIIT\Desktop\ADXL345\try1\ADXL345_SPI\ADXL345_SPI.c"
 265  0013              #pragma debug scope 1 1
 265  0013              public _main
 265  0013              #pragma debug scope 9 1
  53  0013              #line 53 "C:\Users\IIIT\Desktop\ADXL345\try1\ADXL345_SPI\ADXL345_SPI.c"
  53  0013              IFDEF WITH_DEFAULT_STARTUP
  53  0013              extern _main_initial0:near
  53  0013              extern _main_startup:near
  53  0013              ENDIF
  53  0013              
  53  0013              ROMBANK 0 @start
  53  0000              @start .section com_l 'code'
  53  0000              _main_startup1:
  53  0000              @start .section com_e 'code'
  53  0000  0F00     R  	mov a,bank _main
  53  0001  008B        	mov bp,a
  53  0002  2800     R  	jmp _main
  53  0003              
  53  0000              _main .section 'code'
  53  0000              _main proc
  53  0000  0009[           local _main_2 db 9 dup(?)
"File: ADXL345_SPI.c  Assembler  Version HGASM0202      Page 11

            00
            ]
  54  0009              #line 54 "C:\Users\IIIT\Desktop\ADXL345\try1\ADXL345_SPI\ADXL345_SPI.c"
  54  0000              	fcall _PinSet
  55  0007              #line 55 "C:\Users\IIIT\Desktop\ADXL345\try1\ADXL345_SPI\ADXL345_SPI.c"
  55  0007  0F02        	mov a,2
  55  0008              	fcall _delay_ms
  56  000F              #line 56 "C:\Users\IIIT\Desktop\ADXL345\try1\ADXL345_SPI\ADXL345_SPI.c"
  56  000F  0F0B        	mov a,11
  56  0010  0080     R  	mov _ADXL345_SPI_Write_2[0],a
  56  0011  0F31        	mov a,49
  56  0012              	fcall _ADXL345_SPI_Write
  57  0019              #line 57 "C:\Users\IIIT\Desktop\ADXL345\try1\ADXL345_SPI\ADXL345_SPI.c"
  57  0019  0F08        	mov a,8
  57  001A  0080     R  	mov _ADXL345_SPI_Write_2[0],a
  57  001B  0F2D        	mov a,45
  57  001C              	fcall _ADXL345_SPI_Write
  58  0023              #line 58 "C:\Users\IIIT\Desktop\ADXL345\try1\ADXL345_SPI\ADXL345_SPI.c"
  58  0023  0F0F        	mov a,15
  58  0024  0080     R  	mov _ADXL345_SPI_Write_2[0],a
  58  0025  0F2C        	mov a,44
  58  0026              	fcall _ADXL345_SPI_Write
  59  002D              #line 59 "C:\Users\IIIT\Desktop\ADXL345\try1\ADXL345_SPI\ADXL345_SPI.c"
  59  002D  0F80        	mov a,128
  59  002E  0080     R  	mov _ADXL345_SPI_Write_2[0],a
  59  002F  0F2E        	mov a,46
  59  0030              	fcall _ADXL345_SPI_Write
  65  0037              #line 65 "C:\Users\IIIT\Desktop\ADXL345\try1\ADXL345_SPI\ADXL345_SPI.c"
  65  0037  0F00        	mov a,0
  65  0038              	fcall _ADXL345_SPI_Read
  65  003F  0080     E  	mov ra,a
  65  0040  0700     E  	mov a,ra
  65  0041  0080     R  	mov _deviceID[0],a
  65  0042  1F00     R  	clr _deviceID[1]
  65  0043              _L26:
  69  0043              #line 69 "C:\Users\IIIT\Desktop\ADXL345\try1\ADXL345_SPI\ADXL345_SPI.c"
  69  0043  1F00     R  	clr _i[0]
  69  0044              _L24:
  69  0044  0700     R  	mov a,_i[0]
  69  0045  0080     R  	mov _main_2[1],a
  69  0046  0F09        	mov a,9
  69  0047  0200     R  	sub a,_main_2[1]
  69  0048  380A        	snz c
  69  0049  2800     R  	jmp _L26
  71  004A              #line 71 "C:\Users\IIIT\Desktop\ADXL345\try1\ADXL345_SPI\ADXL345_SPI.c"
  71  004A  0700     R  	mov a,_DATAX1[0]
  71  004B              	fcall _ADXL345_SPI_Read
  71  0052  0080     R  	mov _main_2[0],a
  71  0053  0700     R  	mov a,_DATAX0[0]
  71  0054              	fcall _ADXL345_SPI_Read
  71  005B  0080     E  	mov ra,a
  71  005C  0700     R  	mov a,_main_2[1]
  71  005D  0080     E  	mov rb,a
  71  005E  1F00     E  	clr rc
  71  005F  340A        	clr c
  71  0060  1A80     E  	rlc rb
  71  0061  1A80     E  	rlc rc
  71  0062  340A        	clr c
  71  0063  1A80     E  	rlc rb
  71  0064  1A80     E  	rlc rc
"File: ADXL345_SPI.c  Assembler  Version HGASM0202      Page 12

  71  0065  0700     R  	mov a,_main_2[0]
  71  0066  0080     R  	mov _main_2[4],a
  71  0067  1F00     R  	clr _main_2[3]
  71  0068  0700     R  	mov a,_main_2[4]
  71  0069  0080     E  	mov re,a
  71  006A  0700     E  	mov a,ra
  71  006B  0500     R  	or a,_main_2[3]
  71  006C  0080     E  	mov rd,a
  71  006D  0700     E  	mov a,re
  71  006E  0080     E  	mov _builtin_holtek_mant1[1],a
  71  006F  0700     E  	mov a,rd
  71  0070  0080     E  	mov _builtin_holtek_mant1[0],a
  71  0071  3400     E  	clr _builtin_holtek_signs.0
  71  0072              	fcall _builtin_holtek_uitod
  71  0079  0700     E  	mov a,_builtin_holtek_mant12p[0]
  71  007A  0080     E  	mov rg,a
  71  007B  0700     E  	mov a,_builtin_holtek_mant1[2]
  71  007C  0080     E  	mov rf,a
  71  007D  0700     E  	mov a,_builtin_holtek_mant1[1]
  71  007E  0080     E  	mov re,a
  71  007F  0700     E  	mov a,_builtin_holtek_mant1[0]
  71  0080  0080     E  	mov rd,a
  71  0081  0F00     R  	mov a,low offset _x
  71  0082  0300     E  	add a,rb
  71  0083  0083        	mov mp,a
  71  0084  0F00     R  	mov a,high offset _x
  71  0085  1300     E  	adc a,rc
  71  0086  0084        	mov sbp,a
  71  0087  0700     E  	mov a,rd
  71  0088  0082        	mov ir,a
  71  0089  1483        	inc mp
  71  008A  0700     E  	mov a,re
  71  008B  0082        	mov ir,a
  71  008C  1483        	inc mp
  71  008D  0700     E  	mov a,rf
  71  008E  0082        	mov ir,a
  71  008F  1483        	inc mp
  71  0090  0700     E  	mov a,rg
  71  0091  0082        	mov ir,a
  72  0092              #line 72 "C:\Users\IIIT\Desktop\ADXL345\try1\ADXL345_SPI\ADXL345_SPI.c"
  72  0092  0700     R  	mov a,_i[0]
  72  0093  0080     E  	mov rb,a
  72  0094  1F00     E  	clr rc
  72  0095  340A        	clr c
  72  0096  1A00     E  	rlca rb
  72  0097  0080     R  	mov _main_2[1],a
  72  0098  1A00     E  	rlca rc
  72  0099  0080     R  	mov _main_2[2],a
  72  009A  340A        	clr c
  72  009B  1A80     R  	rlc _main_2[1]
  72  009C  1A80     R  	rlc _main_2[2]
  72  009D  0F00     R  	mov a,low offset _x
  72  009E  0300     R  	add a,_main_2[1]
  72  009F  0080     E  	mov rb,a
  72  00A0  0F00     R  	mov a,high offset _x
  72  00A1  1300     R  	adc a,_main_2[2]
  72  00A2  0080     E  	mov rc,a
  72  00A3  0700     E  	mov a,rb
  72  00A4  0083        	mov mp,a
  72  00A5  0700     E  	mov a,rc
"File: ADXL345_SPI.c  Assembler  Version HGASM0202      Page 13

  72  00A6  0084        	mov sbp,a
  72  00A7              	fcall _Crom2Prom
  72  00AE  0080     E  	mov rd,a
  72  00AF              	fcall _Crom2PromNext
  72  00B6  0080     E  	mov re,a
  72  00B7              	fcall _Crom2PromNext
  72  00BE  0080     E  	mov rf,a
  72  00BF              	fcall _Crom2PromNext
  72  00C6  0080     E  	mov rg,a
  72  00C7  0700     E  	mov a,rg
  72  00C8  0080     E  	mov _builtin_holtek_mant12p[0],a
  72  00C9  0700     E  	mov a,rf
  72  00CA  0080     E  	mov _builtin_holtek_mant1[2],a
  72  00CB  0700     E  	mov a,re
  72  00CC  0080     E  	mov _builtin_holtek_mant1[1],a
  72  00CD  0700     E  	mov a,rd
  72  00CE  0080     E  	mov _builtin_holtek_mant1[0],a
  72  00CF  0F40        	mov a,64
  72  00D0  0080     E  	mov _builtin_holtek_mant12p[1],a
  72  00D1  0F80        	mov a,128
  72  00D2  0080     E  	mov _builtin_holtek_mant2[2],a
  72  00D3  0F00        	mov a,0
  72  00D4  0080     E  	mov _builtin_holtek_mant2[1],a
  72  00D5  0F00        	mov a,0
  72  00D6  0080     E  	mov _builtin_holtek_mant2[0],a
  72  00D7              	fcall _builtin_holtek_dtmul
  72  00DE  0700     E  	mov a,_builtin_holtek_mant12p[0]
  72  00DF  0080     E  	mov rg,a
  72  00E0  0700     E  	mov a,_builtin_holtek_mant1[2]
  72  00E1  0080     E  	mov rf,a
  72  00E2  0700     E  	mov a,_builtin_holtek_mant1[1]
  72  00E3  0080     E  	mov re,a
  72  00E4  0700     E  	mov a,_builtin_holtek_mant1[0]
  72  00E5  0080     E  	mov rd,a
  72  00E6  0700     E  	mov a,rb
  72  00E7  0083        	mov mp,a
  72  00E8  0700     E  	mov a,rc
  72  00E9  0084        	mov sbp,a
  72  00EA  0700     E  	mov a,rd
  72  00EB  0082        	mov ir,a
  72  00EC  1483        	inc mp
  72  00ED  0700     E  	mov a,re
  72  00EE  0082        	mov ir,a
  72  00EF  1483        	inc mp
  72  00F0  0700     E  	mov a,rf
  72  00F1  0082        	mov ir,a
  72  00F2  1483        	inc mp
  72  00F3  0700     E  	mov a,rg
  72  00F4  0082        	mov ir,a
  81  00F5              #line 81 "C:\Users\IIIT\Desktop\ADXL345\try1\ADXL345_SPI\ADXL345_SPI.c"
  81  00F5  0700     R  	mov a,_DATAY1[0]
  81  00F6              	fcall _ADXL345_SPI_Read
  81  00FD  0080     R  	mov _main_2[0],a
  81  00FE  0700     R  	mov a,_DATAX0[0]
  81  00FF              	fcall _ADXL345_SPI_Read
  81  0106  0080     E  	mov ra,a
  81  0107  0700     R  	mov a,_main_2[0]
  81  0108  0080     R  	mov _main_2[6],a
  81  0109  1F00     R  	clr _main_2[5]
  81  010A  0700     R  	mov a,_main_2[6]
"File: ADXL345_SPI.c  Assembler  Version HGASM0202      Page 14

  81  010B  0080     E  	mov re,a
  81  010C  0700     E  	mov a,ra
  81  010D  0500     R  	or a,_main_2[5]
  81  010E  0080     E  	mov rd,a
  81  010F  0700     E  	mov a,re
  81  0110  0080     E  	mov _builtin_holtek_mant1[1],a
  81  0111  0700     E  	mov a,rd
  81  0112  0080     E  	mov _builtin_holtek_mant1[0],a
  81  0113  3400     E  	clr _builtin_holtek_signs.0
  81  0114              	fcall _builtin_holtek_uitod
  81  011B  0700     E  	mov a,_builtin_holtek_mant12p[0]
  81  011C  0080     E  	mov rg,a
  81  011D  0700     E  	mov a,_builtin_holtek_mant1[2]
  81  011E  0080     E  	mov rf,a
  81  011F  0700     E  	mov a,_builtin_holtek_mant1[1]
  81  0120  0080     E  	mov re,a
  81  0121  0700     E  	mov a,_builtin_holtek_mant1[0]
  81  0122  0080     E  	mov rd,a
  81  0123  0F00     R  	mov a,low offset _y
  81  0124  0300     R  	add a,_main_2[1]
  81  0125  0083        	mov mp,a
  81  0126  0F00     R  	mov a,high offset _y
  81  0127  1300     R  	adc a,_main_2[2]
  81  0128  0084        	mov sbp,a
  81  0129  0700     E  	mov a,rd
  81  012A  0082        	mov ir,a
  81  012B  1483        	inc mp
  81  012C  0700     E  	mov a,re
  81  012D  0082        	mov ir,a
  81  012E  1483        	inc mp
  81  012F  0700     E  	mov a,rf
  81  0130  0082        	mov ir,a
  81  0131  1483        	inc mp
  81  0132  0700     E  	mov a,rg
  81  0133  0082        	mov ir,a
  82  0134              #line 82 "C:\Users\IIIT\Desktop\ADXL345\try1\ADXL345_SPI\ADXL345_SPI.c"
  82  0134  0700     R  	mov a,_i[0]
  82  0135  0080     E  	mov rb,a
  82  0136  1F00     E  	clr rc
  82  0137  340A        	clr c
  82  0138  1A00     E  	rlca rb
  82  0139  0080     R  	mov _main_2[1],a
  82  013A  1A00     E  	rlca rc
  82  013B  0080     R  	mov _main_2[2],a
  82  013C  340A        	clr c
  82  013D  1A80     R  	rlc _main_2[1]
  82  013E  1A80     R  	rlc _main_2[2]
  82  013F  0F00     R  	mov a,low offset _y
  82  0140  0300     R  	add a,_main_2[1]
  82  0141  0080     E  	mov rb,a
  82  0142  0F00     R  	mov a,high offset _y
  82  0143  1300     R  	adc a,_main_2[2]
  82  0144  0080     E  	mov rc,a
  82  0145  0700     E  	mov a,rb
  82  0146  0083        	mov mp,a
  82  0147  0700     E  	mov a,rc
  82  0148  0084        	mov sbp,a
  82  0149              	fcall _Crom2Prom
  82  0150  0080     E  	mov rd,a
  82  0151              	fcall _Crom2PromNext
"File: ADXL345_SPI.c  Assembler  Version HGASM0202      Page 15

  82  0158  0080     E  	mov re,a
  82  0159              	fcall _Crom2PromNext
  82  0160  0080     E  	mov rf,a
  82  0161              	fcall _Crom2PromNext
  82  0168  0080     E  	mov rg,a
  82  0169  0700     E  	mov a,rg
  82  016A  0080     E  	mov _builtin_holtek_mant12p[0],a
  82  016B  0700     E  	mov a,rf
  82  016C  0080     E  	mov _builtin_holtek_mant1[2],a
  82  016D  0700     E  	mov a,re
  82  016E  0080     E  	mov _builtin_holtek_mant1[1],a
  82  016F  0700     E  	mov a,rd
  82  0170  0080     E  	mov _builtin_holtek_mant1[0],a
  82  0171  0F40        	mov a,64
  82  0172  0080     E  	mov _builtin_holtek_mant12p[1],a
  82  0173  0F80        	mov a,128
  82  0174  0080     E  	mov _builtin_holtek_mant2[2],a
  82  0175  0F00        	mov a,0
  82  0176  0080     E  	mov _builtin_holtek_mant2[1],a
  82  0177  0F00        	mov a,0
  82  0178  0080     E  	mov _builtin_holtek_mant2[0],a
  82  0179              	fcall _builtin_holtek_dtmul
  82  0180  0700     E  	mov a,_builtin_holtek_mant12p[0]
  82  0181  0080     E  	mov rg,a
  82  0182  0700     E  	mov a,_builtin_holtek_mant1[2]
  82  0183  0080     E  	mov rf,a
  82  0184  0700     E  	mov a,_builtin_holtek_mant1[1]
  82  0185  0080     E  	mov re,a
  82  0186  0700     E  	mov a,_builtin_holtek_mant1[0]
  82  0187  0080     E  	mov rd,a
  82  0188  0700     E  	mov a,rb
  82  0189  0083        	mov mp,a
  82  018A  0700     E  	mov a,rc
  82  018B  0084        	mov sbp,a
  82  018C  0700     E  	mov a,rd
  82  018D  0082        	mov ir,a
  82  018E  1483        	inc mp
  82  018F  0700     E  	mov a,re
  82  0190  0082        	mov ir,a
  82  0191  1483        	inc mp
  82  0192  0700     E  	mov a,rf
  82  0193  0082        	mov ir,a
  82  0194  1483        	inc mp
  82  0195  0700     E  	mov a,rg
  82  0196  0082        	mov ir,a
  88  0197              #line 88 "C:\Users\IIIT\Desktop\ADXL345\try1\ADXL345_SPI\ADXL345_SPI.c"
  88  0197  0700     R  	mov a,_DATAZ1[0]
  88  0198              	fcall _ADXL345_SPI_Read
  88  019F  0080     R  	mov _main_2[0],a
  88  01A0  0700     R  	mov a,_DATAX0[0]
  88  01A1              	fcall _ADXL345_SPI_Read
  88  01A8  0080     E  	mov ra,a
  88  01A9  0700     R  	mov a,_main_2[0]
  88  01AA  0080     R  	mov _main_2[8],a
  88  01AB  1F00     R  	clr _main_2[7]
  88  01AC  0700     R  	mov a,_main_2[8]
  88  01AD  0080     E  	mov re,a
  88  01AE  0700     E  	mov a,ra
  88  01AF  0500     R  	or a,_main_2[7]
  88  01B0  0080     E  	mov rd,a
"File: ADXL345_SPI.c  Assembler  Version HGASM0202      Page 16

  88  01B1  0700     E  	mov a,re
  88  01B2  0080     E  	mov _builtin_holtek_mant1[1],a
  88  01B3  0700     E  	mov a,rd
  88  01B4  0080     E  	mov _builtin_holtek_mant1[0],a
  88  01B5  3400     E  	clr _builtin_holtek_signs.0
  88  01B6              	fcall _builtin_holtek_uitod
  88  01BD  0700     E  	mov a,_builtin_holtek_mant12p[0]
  88  01BE  0080     E  	mov rg,a
  88  01BF  0700     E  	mov a,_builtin_holtek_mant1[2]
  88  01C0  0080     E  	mov rf,a
  88  01C1  0700     E  	mov a,_builtin_holtek_mant1[1]
  88  01C2  0080     E  	mov re,a
  88  01C3  0700     E  	mov a,_builtin_holtek_mant1[0]
  88  01C4  0080     E  	mov rd,a
  88  01C5  0F00     R  	mov a,low offset _z
  88  01C6  0300     R  	add a,_main_2[1]
  88  01C7  0083        	mov mp,a
  88  01C8  0F00     R  	mov a,high offset _z
  88  01C9  1300     R  	adc a,_main_2[2]
  88  01CA  0084        	mov sbp,a
  88  01CB  0700     E  	mov a,rd
  88  01CC  0082        	mov ir,a
  88  01CD  1483        	inc mp
  88  01CE  0700     E  	mov a,re
  88  01CF  0082        	mov ir,a
  88  01D0  1483        	inc mp
  88  01D1  0700     E  	mov a,rf
  88  01D2  0082        	mov ir,a
  88  01D3  1483        	inc mp
  88  01D4  0700     E  	mov a,rg
  88  01D5  0082        	mov ir,a
  89  01D6              #line 89 "C:\Users\IIIT\Desktop\ADXL345\try1\ADXL345_SPI\ADXL345_SPI.c"
  89  01D6  0700     R  	mov a,_i[0]
  89  01D7  0080     E  	mov ra,a
  89  01D8  0700     E  	mov a,ra
  89  01D9  0080     E  	mov rb,a
  89  01DA  1F00     E  	clr rc
  89  01DB  340A        	clr c
  89  01DC  1A80     E  	rlc rb
  89  01DD  1A80     E  	rlc rc
  89  01DE  340A        	clr c
  89  01DF  1A80     E  	rlc rb
  89  01E0  1A80     E  	rlc rc
  89  01E1  0F00     R  	mov a,low offset _z
  89  01E2  0380     E  	addm a,rb
  89  01E3  0F00     R  	mov a,high offset _z
  89  01E4  1380     E  	adcm a,rc
  89  01E5  0700     E  	mov a,rb
  89  01E6  0083        	mov mp,a
  89  01E7  0700     E  	mov a,rc
  89  01E8  0084        	mov sbp,a
  89  01E9              	fcall _Crom2Prom
  89  01F0  0080     E  	mov rd,a
  89  01F1              	fcall _Crom2PromNext
  89  01F8  0080     E  	mov re,a
  89  01F9              	fcall _Crom2PromNext
  89  0200  0080     E  	mov rf,a
  89  0201              	fcall _Crom2PromNext
  89  0208  0080     E  	mov rg,a
  89  0209  0700     E  	mov a,rg
"File: ADXL345_SPI.c  Assembler  Version HGASM0202      Page 17

  89  020A  0080     E  	mov _builtin_holtek_mant12p[0],a
  89  020B  0700     E  	mov a,rf
  89  020C  0080     E  	mov _builtin_holtek_mant1[2],a
  89  020D  0700     E  	mov a,re
  89  020E  0080     E  	mov _builtin_holtek_mant1[1],a
  89  020F  0700     E  	mov a,rd
  89  0210  0080     E  	mov _builtin_holtek_mant1[0],a
  89  0211  0F40        	mov a,64
  89  0212  0080     E  	mov _builtin_holtek_mant12p[1],a
  89  0213  0F80        	mov a,128
  89  0214  0080     E  	mov _builtin_holtek_mant2[2],a
  89  0215  0F00        	mov a,0
  89  0216  0080     E  	mov _builtin_holtek_mant2[1],a
  89  0217  0F00        	mov a,0
  89  0218  0080     E  	mov _builtin_holtek_mant2[0],a
  89  0219              	fcall _builtin_holtek_dtmul
  89  0220  0700     E  	mov a,_builtin_holtek_mant12p[0]
  89  0221  0080     E  	mov rg,a
  89  0222  0700     E  	mov a,_builtin_holtek_mant1[2]
  89  0223  0080     E  	mov rf,a
  89  0224  0700     E  	mov a,_builtin_holtek_mant1[1]
  89  0225  0080     E  	mov re,a
  89  0226  0700     E  	mov a,_builtin_holtek_mant1[0]
  89  0227  0080     E  	mov rd,a
  89  0228  0700     E  	mov a,rb
  89  0229  0083        	mov mp,a
  89  022A  0700     E  	mov a,rc
  89  022B  0084        	mov sbp,a
  89  022C  0700     E  	mov a,rd
  89  022D  0082        	mov ir,a
  89  022E  1483        	inc mp
  89  022F  0700     E  	mov a,re
  89  0230  0082        	mov ir,a
  89  0231  1483        	inc mp
  89  0232  0700     E  	mov a,rf
  89  0233  0082        	mov ir,a
  89  0234  1483        	inc mp
  89  0235  0700     E  	mov a,rg
  89  0236  0082        	mov ir,a
  69  0237              #line 69 "C:\Users\IIIT\Desktop\ADXL345\try1\ADXL345_SPI\ADXL345_SPI.c"
  69  0237  1400     E  	inca ra
  69  0238  0080     R  	mov _i[0],a
  69  0239  2800     R  	jmp _L24
  69  023A  2800     R  	jmp $
  69  023B              _main endp
  69  023B              
  69  023B              @dummy endp
  69  023B              
  69  023B              #line 69 "C:\Users\IIIT\Desktop\ADXL345\try1\ADXL345_SPI\ADXL345_SPI.c"
  69  023B              #pragma debug scope 1 1
  69  023B              ___pg equ [42]
  69  023B              ___ph equ [46]
  69  023B              public _LCD_Cmd
  69  023B              #pragma debug scope 10 1
 228  023B              #line 228 "C:\Users\IIIT\Desktop\ADXL345\try1\ADXL345_SPI\ADXL345_SPI.c"
 228  0000              _LCD_Cmd .section 'code'
 228  0000              _LCD_Cmd proc
 228  0000  00              local _LCD_Cmd_2 db 1 dup(?)	; 0,1
 228  0000  0080     E  	mov ra,a
 228  0001  0080     R  	mov _LCD_Cmd_2[0],a
"File: ADXL345_SPI.c  Assembler  Version HGASM0202      Page 18

 228  0002              #pragma debug variable 8 10 _LCD_Cmd_2+0 "data"
 229  0002              #line 229 "C:\Users\IIIT\Desktop\ADXL345\try1\ADXL345_SPI\ADXL345_SPI.c"
 229  0002  0700     E  	mov a,ra
 229  0003  00AA        	mov [42],a
 230  0004              #line 230 "C:\Users\IIIT\Desktop\ADXL345\try1\ADXL345_SPI\ADXL345_SPI.c"
 230  0004  342E        	clr [46].0
 230  0005  34AE        	clr [46].1
 230  0006  312E        	set [46].2
 231  0007              #line 231 "C:\Users\IIIT\Desktop\ADXL345\try1\ADXL345_SPI\ADXL345_SPI.c"
 231  0007  0F01        	mov a,1
 231  0008              	fcall _delay_ms
 232  000F              #line 232 "C:\Users\IIIT\Desktop\ADXL345\try1\ADXL345_SPI\ADXL345_SPI.c"
 232  000F  352E        	clr [46].2
 232  0010  0003        	ret
 232  0011              _LCD_Cmd endp
 232  0011              #line 232 "C:\Users\IIIT\Desktop\ADXL345\try1\ADXL345_SPI\ADXL345_SPI.c"
 232  0011              #pragma debug scope 1 1
 232  0011              public _LCD_Reset
 232  0011              #pragma debug scope 11 1
 244  0011              #line 244 "C:\Users\IIIT\Desktop\ADXL345\try1\ADXL345_SPI\ADXL345_SPI.c"
 244  0000              _LCD_Reset .section 'code'
 244  0000              _LCD_Reset proc
 245  0000              #line 245 "C:\Users\IIIT\Desktop\ADXL345\try1\ADXL345_SPI\ADXL345_SPI.c"
 245  0000  0F38        	mov a,56
 245  0001              	fcall _LCD_Cmd
 249  0008              #line 249 "C:\Users\IIIT\Desktop\ADXL345\try1\ADXL345_SPI\ADXL345_SPI.c"
 249  0008  0F0C        	mov a,12
 249  0009              	fcall _LCD_Cmd
 252  0010              #line 252 "C:\Users\IIIT\Desktop\ADXL345\try1\ADXL345_SPI\ADXL345_SPI.c"
 252  0010  0F06        	mov a,6
 252  0011              	fcall _LCD_Cmd
 255  0018              #line 255 "C:\Users\IIIT\Desktop\ADXL345\try1\ADXL345_SPI\ADXL345_SPI.c"
 255  0018  0F01        	mov a,1
 255  0019              	fcall _LCD_Cmd
 256  0020              #line 256 "C:\Users\IIIT\Desktop\ADXL345\try1\ADXL345_SPI\ADXL345_SPI.c"
 256  0020  0F02        	mov a,2
 256  0021              	fcall _LCD_Cmd
 256  0028  0003        	ret
 256  0029              _LCD_Reset endp
 256  0029              #line 256 "C:\Users\IIIT\Desktop\ADXL345\try1\ADXL345_SPI\ADXL345_SPI.c"
 256  0029              #pragma debug scope 1 1
 256  0029              public _LCD_Senddata
 256  0029              #pragma debug scope 12 1
 236  0029              #line 236 "C:\Users\IIIT\Desktop\ADXL345\try1\ADXL345_SPI\ADXL345_SPI.c"
 236  0000              _LCD_Senddata .section 'code'
 236  0000              _LCD_Senddata proc
 236  0000  00              local _LCD_Senddata_2 db 1 dup(?)	; 0,1
 236  0000  0080     E  	mov ra,a
 236  0001  0080     R  	mov _LCD_Senddata_2[0],a
 236  0002              #pragma debug variable 8 12 _LCD_Senddata_2+0 "data"
 237  0002              #line 237 "C:\Users\IIIT\Desktop\ADXL345\try1\ADXL345_SPI\ADXL345_SPI.c"
 237  0002  0700     E  	mov a,ra
 237  0003  00AA        	mov [42],a
 238  0004              #line 238 "C:\Users\IIIT\Desktop\ADXL345\try1\ADXL345_SPI\ADXL345_SPI.c"
 238  0004  302E        	set [46].0
 238  0005  34AE        	clr [46].1
 238  0006  312E        	set [46].2
 239  0007              #line 239 "C:\Users\IIIT\Desktop\ADXL345\try1\ADXL345_SPI\ADXL345_SPI.c"
 239  0007  0F01        	mov a,1
 239  0008              	fcall _delay_ms
"File: ADXL345_SPI.c  Assembler  Version HGASM0202      Page 19

 240  000F              #line 240 "C:\Users\IIIT\Desktop\ADXL345\try1\ADXL345_SPI\ADXL345_SPI.c"
 240  000F  352E        	clr [46].2
 240  0010  0003        	ret
 240  0011              _LCD_Senddata endp
 240  0011              #line 240 "C:\Users\IIIT\Desktop\ADXL345\try1\ADXL345_SPI\ADXL345_SPI.c"
 240  0011              #pragma debug scope 1 1
 240  0011              public _PrintLCD
 240  0011              #pragma debug scope 13 1
 164  0011              #line 164 "C:\Users\IIIT\Desktop\ADXL345\try1\ADXL345_SPI\ADXL345_SPI.c"
 164  0000              _PrintLCD .section 'code'
 164  0000              _PrintLCD proc
 164  0000  00              local _PrintLCD_2 db 1 dup(?)	; 0,1
 164  0000  0080     E  	mov ra,a
 164  0001  0080     R  	mov _PrintLCD_2[0],a
 164  0002              #pragma debug variable 8 13 _PrintLCD_2+0 "data"
 166  0002              #line 166 "C:\Users\IIIT\Desktop\ADXL345\try1\ADXL345_SPI\ADXL345_SPI.c"
 166  0002  1F00     E  	clr _builtin_holtek_udivmodqi4_2[3]
 166  0003  0700     E  	mov a,ra
 166  0004  0080     E  	mov _builtin_holtek_udivmodqi4_2[0],a
 166  0005  0F64        	mov a,100
 166  0006  0080     E  	mov _builtin_holtek_udivmodqi4_2[1],a
 166  0007              	fcall _builtin_holtek_udivmodqi4
 166  000E  0700     E  	mov a,_builtin_holtek_udivmodqi4_2[0]
 166  000F  0080     E  	mov ra,a
 166  0010  1F00     E  	clr _builtin_holtek_udivmodqi4_2[3]
 166  0011  0700     E  	mov a,ra
 166  0012  0080     E  	mov _builtin_holtek_udivmodqi4_2[0],a
 166  0013  0F0A        	mov a,10
 166  0014  0080     E  	mov _builtin_holtek_udivmodqi4_2[1],a
 166  0015              	fcall _builtin_holtek_udivmodqi4
 166  001C  0700     E  	mov a,_builtin_holtek_udivmodqi4_2[2]
 166  001D  0080     E  	mov ra,a
 166  001E  0F30        	mov a,48
 166  001F  0380     E  	addm a,ra
 166  0020  0700     E  	mov a,ra
 166  0021              	fcall _LCD_Senddata
 167  0028              #line 167 "C:\Users\IIIT\Desktop\ADXL345\try1\ADXL345_SPI\ADXL345_SPI.c"
 167  0028  1F00     E  	clr _builtin_holtek_udivmodqi4_2[3]
 167  0029  0700     R  	mov a,_PrintLCD_2[0]
 167  002A  0080     E  	mov _builtin_holtek_udivmodqi4_2[0],a
 167  002B  0F0A        	mov a,10
 167  002C  0080     E  	mov _builtin_holtek_udivmodqi4_2[1],a
 167  002D              	fcall _builtin_holtek_udivmodqi4
 167  0034  0700     E  	mov a,_builtin_holtek_udivmodqi4_2[0]
 167  0035  0080     E  	mov ra,a
 167  0036  1F00     E  	clr _builtin_holtek_udivmodqi4_2[3]
 167  0037  0700     E  	mov a,ra
 167  0038  0080     E  	mov _builtin_holtek_udivmodqi4_2[0],a
 167  0039  0F0A        	mov a,10
 167  003A  0080     E  	mov _builtin_holtek_udivmodqi4_2[1],a
 167  003B              	fcall _builtin_holtek_udivmodqi4
 167  0042  0700     E  	mov a,_builtin_holtek_udivmodqi4_2[2]
 167  0043  0080     E  	mov ra,a
 167  0044  0F30        	mov a,48
 167  0045  0380     E  	addm a,ra
 167  0046  0700     E  	mov a,ra
 167  0047              	fcall _LCD_Senddata
 168  004E              #line 168 "C:\Users\IIIT\Desktop\ADXL345\try1\ADXL345_SPI\ADXL345_SPI.c"
 168  004E  1F00     E  	clr _builtin_holtek_udivmodqi4_2[3]
 168  004F  0700     R  	mov a,_PrintLCD_2[0]
"File: ADXL345_SPI.c  Assembler  Version HGASM0202      Page 20

 168  0050  0080     E  	mov _builtin_holtek_udivmodqi4_2[0],a
 168  0051  0F0A        	mov a,10
 168  0052  0080     E  	mov _builtin_holtek_udivmodqi4_2[1],a
 168  0053              	fcall _builtin_holtek_udivmodqi4
 168  005A  0700     E  	mov a,_builtin_holtek_udivmodqi4_2[2]
 168  005B  0080     E  	mov ra,a
 168  005C  0F30        	mov a,48
 168  005D  0380     E  	addm a,ra
 168  005E  0700     E  	mov a,ra
 168  005F              	fcall _LCD_Senddata
 168  0066  0003        	ret
 168  0067              _PrintLCD endp
 168  0067              #line 168 "C:\Users\IIIT\Desktop\ADXL345\try1\ADXL345_SPI\ADXL345_SPI.c"
 168  0067              #pragma debug scope 1 1
  49  0067              #line 49 "C:\Users\IIIT\Desktop\ADXL345\try1\ADXL345_SPI\ADXL345_SPI.c"
  49  0067              public _deviceID
  49  0000              @HCCINIT0_deviceID .section 'data'
  49  0000  0002[       _deviceID	db 2 dup(0)
            00
            ]
  49  0002              #pragma debug variable 12 1 _deviceID "deviceID"
  49  0002              
  49  0000              @HCCINIT .section 'data'
  48  0000              #line 48 "C:\Users\IIIT\Desktop\ADXL345\try1\ADXL345_SPI\ADXL345_SPI.c"
  48  0000              public _z
  48  0000              @HCCINIT0_z .section 'data'
  48  0000  0028[       _z	db 40 dup(0)
            00
            ]
  48  0028              #pragma debug array 42 29 10 1
  48  0028              #pragma debug array 42 29 10 1
  48  0028              #pragma debug variable 42 1 _z "z"
  48  0028              
  48  0000              @HCCINIT .section 'data'
  47  0000              #line 47 "C:\Users\IIIT\Desktop\ADXL345\try1\ADXL345_SPI\ADXL345_SPI.c"
  47  0000              public _y
  47  0000              @HCCINIT0_y .section 'data'
  47  0000  0028[       _y	db 40 dup(0)
            00
            ]
  47  0028              #pragma debug variable 42 1 _y "y"
  47  0028              
  47  0000              @HCCINIT .section 'data'
  46  0000              #line 46 "C:\Users\IIIT\Desktop\ADXL345\try1\ADXL345_SPI\ADXL345_SPI.c"
  46  0000              public _x
  46  0000              @HCCINIT0_x .section 'data'
  46  0000  0028[       _x	db 40 dup(0)
            00
            ]
  46  0028              #pragma debug variable 42 1 _x "x"
  46  0028              
  46  0000              @HCCINIT .section 'data'
  45  0000              #line 45 "C:\Users\IIIT\Desktop\ADXL345\try1\ADXL345_SPI\ADXL345_SPI.c"
  45  0000              public _i
  45  0000              @HCCINIT0_i .section 'data'
  45  0000              _i	db 0
  45  0001              #pragma debug variable 8 1 _i "i"
  45  0001              
  45  0000              @HCCINIT .section 'data'
  45  0000              public _DATAZ1
"File: ADXL345_SPI.c  Assembler  Version HGASM0202      Page 21

  45  0000              @HCCINIT	.section 'data'
  44  0000              #line 44 "C:\Users\IIIT\Desktop\ADXL345\try1\ADXL345_SPI\ADXL345_SPI.c"
  44  0000              @HCCINIT_DATAZ1 .section 'data'
  44  0000              _DATAZ1 label byte
  44  0000              #pragma debug variable 8 1 _DATAZ1 "DATAZ1"
  44  0000              	db 55
  44  0000              @ROMDATA_BASE .section inpage 'code'
  44  0000              	db 55
  44  0001              @HCCINIT_DATAZ1 .section 'data'
  44  0001              public _DATAZ0
  43  0001              #line 43 "C:\Users\IIIT\Desktop\ADXL345\try1\ADXL345_SPI\ADXL345_SPI.c"
  43  0000              @HCCINIT_DATAZ0 .section 'data'
  43  0000              _DATAZ0 label byte
  43  0000              #pragma debug variable 8 1 _DATAZ0 "DATAZ0"
  43  0000              	db 54
  43  0001              @ROMDATA_BASE .section inpage 'code'
  43  0001              	db 54
  43  0001              @HCCINIT_DATAZ0 .section 'data'
  43  0001              public _DATAY1
  42  0001              #line 42 "C:\Users\IIIT\Desktop\ADXL345\try1\ADXL345_SPI\ADXL345_SPI.c"
  42  0000              @HCCINIT_DATAY1 .section 'data'
  42  0000              _DATAY1 label byte
  42  0000              #pragma debug variable 8 1 _DATAY1 "DATAY1"
  42  0000              	db 53
  42  0001              @ROMDATA_BASE .section inpage 'code'
  42  0001              	db 53
  42  0001              @HCCINIT_DATAY1 .section 'data'
  42  0001              public _DATAY0
  41  0001              #line 41 "C:\Users\IIIT\Desktop\ADXL345\try1\ADXL345_SPI\ADXL345_SPI.c"
  41  0000              @HCCINIT_DATAY0 .section 'data'
  41  0000              _DATAY0 label byte
  41  0000              #pragma debug variable 8 1 _DATAY0 "DATAY0"
  41  0000              	db 52
  41  0002              @ROMDATA_BASE .section inpage 'code'
  41  0002              	db 52
  41  0001              @HCCINIT_DATAY0 .section 'data'
  41  0001              public _DATAX1
  40  0001              #line 40 "C:\Users\IIIT\Desktop\ADXL345\try1\ADXL345_SPI\ADXL345_SPI.c"
  40  0000              @HCCINIT_DATAX1 .section 'data'
  40  0000              _DATAX1 label byte
  40  0000              #pragma debug variable 8 1 _DATAX1 "DATAX1"
  40  0000              	db 51
  40  0002              @ROMDATA_BASE .section inpage 'code'
  40  0002              	db 51
  40  0001              @HCCINIT_DATAX1 .section 'data'
  40  0001              public _DATAX0
  39  0001              #line 39 "C:\Users\IIIT\Desktop\ADXL345\try1\ADXL345_SPI\ADXL345_SPI.c"
  39  0000              @HCCINIT_DATAX0 .section 'data'
  39  0000              _DATAX0 label byte
  39  0000              #pragma debug variable 8 1 _DATAX0 "DATAX0"
  39  0000              	db 50
  39  0003              @ROMDATA_BASE .section inpage 'code'
  39  0003              	db 50
  39  0001              @HCCINIT_DATAX0 .section 'data'
  39  0001              #pragma debug struct_end
  39  0001              #pragma debug struct_end
  39  0001              #pragma debug union_end
  39  0001              #pragma debug union_end
  39  0001              #pragma debug variable 44 1 ___papu "__papu" 1
  39  0001              #pragma debug struct_end
"File: ADXL345_SPI.c  Assembler  Version HGASM0202      Page 22

  39  0001              #pragma debug struct_end
  39  0001              #pragma debug union_end
  39  0001              #pragma debug union_end
  39  0001              #pragma debug variable 46 1 ___pa "__pa" 1
  39  0001              #pragma debug struct_end
  39  0001              #pragma debug struct_end
  39  0001              #pragma debug union_end
  39  0001              #pragma debug union_end
  39  0001              #pragma debug variable 48 1 ___pac "__pac" 1
  39  0001              #pragma debug struct_end
  39  0001              #pragma debug struct_end
  39  0001              #pragma debug union_end
  39  0001              #pragma debug union_end
  39  0001              #pragma debug variable 50 1 ___pbpu "__pbpu" 1
  39  0001              #pragma debug struct_end
  39  0001              #pragma debug struct_end
  39  0001              #pragma debug union_end
  39  0001              #pragma debug union_end
  39  0001              #pragma debug variable 52 1 ___pb "__pb" 1
  39  0001              #pragma debug struct_end
  39  0001              #pragma debug struct_end
  39  0001              #pragma debug union_end
  39  0001              #pragma debug union_end
  39  0001              #pragma debug variable 54 1 ___pbc "__pbc" 1
  39  0001              #pragma debug struct_end
  39  0001              #pragma debug struct_end
  39  0001              #pragma debug union_end
  39  0001              #pragma debug union_end
  39  0001              #pragma debug variable 56 1 ___pg "__pg" 1
  39  0001              #pragma debug struct_end
  39  0001              #pragma debug struct_end
  39  0001              #pragma debug union_end
  39  0001              #pragma debug union_end
  39  0001              #pragma debug variable 58 1 ___pgc "__pgc" 1
  39  0001              #pragma debug struct_end
  39  0001              #pragma debug struct_end
  39  0001              #pragma debug union_end
  39  0001              #pragma debug union_end
  39  0001              #pragma debug variable 60 1 ___ph "__ph" 1
  39  0001              #pragma debug struct_end
  39  0001              #pragma debug struct_end
  39  0001              #pragma debug union_end
  39  0001              #pragma debug union_end
  39  0001              #pragma debug variable 62 1 ___phc "__phc" 1
  39  0001              #pragma debug struct_end
  39  0001              #pragma debug struct_end
  39  0001              #pragma debug union_end
  39  0001              #pragma debug union_end
  39  0001              #pragma debug variable 64 1 ___smod "__smod" 1
  39  0001              #pragma debug struct_end
  39  0001              #pragma debug struct_end
  39  0001              #pragma debug union_end
  39  0001              #pragma debug union_end
  39  0001              #pragma debug variable 66 1 ___wdtc "__wdtc" 1
  39  0001              #pragma debug struct_end
  39  0001              #pragma debug struct_end
  39  0001              #pragma debug union_end
  39  0001              #pragma debug union_end
  39  0001              #pragma debug variable 68 1 ___cp0c "__cp0c" 1
  39  0001              #pragma debug struct_end
"File: ADXL345_SPI.c  Assembler  Version HGASM0202      Page 23

  39  0001              #pragma debug struct_end
  39  0001              #pragma debug union_end
  39  0001              #pragma debug union_end
  39  0001              #pragma debug variable 70 1 ___cp1c "__cp1c" 1
  39  0001              #pragma debug struct_end
  39  0001              #pragma debug struct_end
  39  0001              #pragma debug union_end
  39  0001              #pragma debug union_end
  39  0001              #pragma debug variable 72 1 ___simc0 "__simc0" 1
  39  0001              #pragma debug struct_end
  39  0001              #pragma debug struct_end
  39  0001              #pragma debug union_end
  39  0001              #pragma debug union_end
  39  0001              #pragma debug variable 74 1 ___simc2 "__simc2" 1
  39  0001              #pragma debug struct_end
  39  0001              #pragma debug struct_end
  39  0001              #pragma debug union_end
  39  0001              #pragma debug union_end
  39  0001              #pragma debug variable 76 1 ___scomc "__scomc" 1
  39  0001              #pragma debug struct_end
  39  0001              #pragma debug struct_end
  39  0001              #pragma debug union_end
  39  0001              #pragma debug union_end
  39  0001              #pragma debug variable 78 1 ___ifs4 "__ifs4" 1
  53  0001              #line 53 "C:\Users\IIIT\Desktop\ADXL345\try1\ADXL345_SPI\ADXL345_SPI.c"
  53  0000              @code .section at 0 'code'
  53  0000  1F0B        	clr bp
  53  0001  2800     R  	jmp _main_startup1
  53  0002              
  53  0002              extern _builtin_holtek_mant1:byte
  53  0002              extern _builtin_holtek_mant12p:byte
  53  0002              extern _builtin_holtek_signs:byte
  53  0002              extern _builtin_holtek_uitod:near
  53  0002              extern _builtin_holtek_mant2:byte
  53  0002              extern _builtin_holtek_dtmul:near
  53  0002              extern _builtin_holtek_udivmodqi4_2:byte
  53  0002              extern _builtin_holtek_udivmodqi4:near
  53  0002              
  53  0002              ; 
  53  0002              ; Generated by holtek-gcc v3.18, Thu Jul 12 23:47:29 2018
  53  0002              ; Rebuild 521
  53  0002              ; end of file


        0 Errors, 0